Epoch 1/15: 100%|██████████| 6649/6649 [3:32:41<00:00,  1.92s/it, loss=1.5533]
Epoch 1:
Average loss: 1.5102
Test loss: 1.7234
Updating movie embeddings...
Deleted collection then creating collection...
Updating movie embeddings: 100%|██████████| 193/193 [03:02<00:00,  1.06it/s]
Evaluating model...
100%|██████████| 808/808 [34:04<00:00,  2.53s/it]Recall@1: 0.0000%
Recall@10: 0.0227%
Recall@50: 0.5227%
Recall@100: 0.8864%
Recall@300: 4.5000%
Recall@500: 7.2955%

Best recalls so far:
Recall@1: 0.0909%
Recall@10: 0.7273%
Recall@50: 3.4545%
Recall@100: 6.2045%
Recall@300: 15.5909%
Recall@500: 23.5455%

Epoch 2/15: 100%|██████████| 6649/6649 [3:28:15<00:00,  1.88s/it, loss=1.3821]
Epoch 2:
Average loss: 1.3456
Test loss: 1.5621
Updating movie embeddings...
Deleted collection then creating collection...
Updating movie embeddings: 100%|██████████| 193/193 [02:58<00:00,  1.08it/s]
Evaluating model...
100%|██████████| 808/808 [33:52<00:00,  2.51s/it]Recall@1: 0.2841%
Recall@10: 1.5341%
Recall@50: 5.1705%
Recall@100: 9.2045%
Recall@300: 18.9773%
Recall@500: 27.3864%

Best recalls so far:
Recall@1: 0.1136%
Recall@10: 0.9091%
Recall@50: 3.9773%
Recall@100: 7.1591%
Recall@300: 16.3636%
Recall@500: 24.2045%

Epoch 3/15: 100%|██████████| 6649/6649 [3:26:32<00:00,  1.86s/it, loss=1.2347]
Epoch 3:
Average loss: 1.2014
Test loss: 1.4387
Updating movie embeddings...
Deleted collection then creating collection...
Updating movie embeddings: 100%|██████████| 193/193 [02:55<00:00,  1.10it/s]
Evaluating model...
100%|██████████| 808/808 [33:41<00:00,  2.50s/it]Recall@1: 0.8523%
Recall@10: 4.7159%
Recall@50: 13.2955%
Recall@100: 19.5455%
Recall@300: 31.4773%
Recall@500: 40.2273%

Best recalls so far:
Recall@1: 0.6818%
Recall@10: 4.2045%
Recall@50: 12.0455%
Recall@100: 17.8409%
Recall@300: 29.3182%
Recall@500: 37.5909%

Epoch 4/15: 100%|██████████| 6649/6649 [3:24:18<00:00,  1.84s/it, loss=1.1092]
Epoch 4:
Average loss: 1.0823
Test loss: 1.3256
Updating movie embeddings...
Deleted collection then creating collection...
Updating movie embeddings: 100%|██████████| 193/193 [02:53<00:00,  1.11it/s]
Evaluating model...
100%|██████████| 808/808 [33:28<00:00,  2.49s/it]Recall@1: 1.7614%
Recall@10: 9.2045%
Recall@50: 21.3636%
Recall@100: 28.8636%
Recall@300: 42.7273%
Recall@500: 51.5909%

Best recalls so far:
Recall@1: 1.4773%
Recall@10: 8.1818%
Recall@50: 19.5455%
Recall@100: 26.5909%
Recall@300: 40.1136%
Recall@500: 48.8636%

Epoch 5/15: 100%|██████████| 6649/6649 [3:22:45<00:00,  1.83s/it, loss=0.9876]
Epoch 5:
Average loss: 0.9634
Test loss: 1.2212
Updating movie embeddings...
Deleted collection then creating collection...
Updating movie embeddings: 100%|██████████| 193/193 [02:51<00:00,  1.13it/s]
Evaluating model...
100%|██████████| 808/808 [33:15<00:00,  2.47s/it]Recall@1: 2.8409%
Recall@10: 14.5455%
Recall@50: 29.2045%
Recall@100: 37.6136%
Recall@300: 52.5000%
Recall@500: 61.4773%

Best recalls so far:
Recall@1: 2.3864%
Recall@10: 13.2955%
Recall@50: 27.1591%
Recall@100: 35.2273%
Recall@300: 49.8864%
Recall@500: 58.6364%

Epoch 6/15: 100%|██████████| 6649/6649 [3:21:12<00:00,  1.81s/it, loss=0.8734]
Epoch 6:
Average loss: 0.8721
Test loss: 1.1534
Updating movie embeddings...
Deleted collection then creating collection...
Updating movie embeddings: 100%|██████████| 193/193 [02:49<00:00,  1.14it/s]
Evaluating model...
100%|██████████| 808/808 [33:03<00:00,  2.45s/it]Recall@1: 3.8409%
Recall@10: 19.8409%
Recall@50: 35.6182%
Recall@100: 44.3182%
Recall@300: 59.7091%
Recall@500: 68.1045%

Best recalls so far:
Recall@1: 3.5227%
Recall@10: 18.6364%
Recall@50: 34.2045%
Recall@100: 42.6136%
Recall@300: 58.1818%
Recall@500: 66.4773%

Epoch 7/15: 100%|██████████| 6649/6649 [3:19:38<00:00,  1.80s/it, loss=0.7621]
Epoch 7:
Average loss: 0.7932
Test loss: 1.0865
Updating movie embeddings...
Deleted collection then creating collection...
Updating movie embeddings: 100%|██████████| 193/193 [02:47<00:00,  1.15it/s]
Evaluating model...
100%|██████████| 808/808 [32:51<00:00,  2.44s/it]Recall@1: 5.3409%
Recall@10: 25.5682%
Recall@50: 42.6136%
Recall@100: 51.7045%
Recall@300: 66.7045%
Recall@500: 74.5455%

Best recalls so far:
Recall@1: 4.7727%
Recall@10: 23.8636%
Recall@50: 39.8864%
Recall@100: 49.0909%
Recall@300: 64.2045%
Recall@500: 71.9318%

Epoch 8/15: 100%|██████████| 6649/6649 [3:18:05<00:00,  1.79s/it, loss=0.6587]
Epoch 8:
Average loss: 0.7112
Test loss: 1.0321
Updating movie embeddings...
Deleted collection then creating collection...
Updating movie embeddings: 100%|██████████| 193/193 [02:45<00:00,  1.17it/s]
Evaluating model...
100%|██████████| 808/808 [32:39<00:00,  2.43s/it]Recall@1: 6.1932%
Recall@10: 29.4318%
Recall@50: 46.7045%
Recall@100: 55.8523%
Recall@300: 70.9091%
Recall@500: 78.3182%

Best recalls so far:
Recall@1: 5.5682%
Recall@10: 27.6136%
Recall@50: 43.5227%
Recall@100: 52.8409%
Recall@300: 68.2955%
Recall@500: 75.5909%

Epoch 9/15: 100%|██████████| 6649/6649 [3:16:42<00:00,  1.78s/it, loss=0.5623]
Epoch 9:
Average loss: 0.6271
Test loss: 0.9854
Updating movie embeddings...
Deleted collection then creating collection...
Updating movie embeddings: 100%|██████████| 193/193 [02:43<00:00,  1.18it/s]
Evaluating model...
100%|██████████| 808/808 [32:28<00:00,  2.41s/it]Recall@1: 6.4045%
Recall@10: 30.8909%
Recall@50: 47.6091%
Recall@100: 56.8136%
Recall@300: 71.9409%
Recall@500: 79.2000%

Best recalls so far:
Recall@1: 5.9091%
Recall@10: 29.0909%
Recall@50: 44.7727%
Recall@100: 54.2045%
Recall@300: 70.6818%
Recall@500: 77.8409%

Epoch 10/15: 100%|██████████| 6649/6649 [3:15:18<00:00,  1.76s/it, loss=0.4782]
Epoch 10:
Average loss: 0.5653
Test loss: 0.9287
Updating movie embeddings...
Deleted collection then creating collection...
Updating movie embeddings: 100%|██████████| 193/193 [02:41<00:00,  1.20it/s]
Evaluating model...
100%|██████████| 808/808 [32:16<00:00,  2.40s/it]Recall@1: 6.9591%
Recall@10: 32.1409%
Recall@50: 49.4273%
Recall@100: 58.7455%
Recall@300: 73.5591%
Recall@500: 80.9045%

Best recalls so far:
Recall@1: 6.1000%
Recall@10: 29.7000%
Recall@50: 43.8000%
Recall@100: 55.4545%
Recall@300: 71.9318%
Recall@500: 79.0909%

Epoch 11/15: 100%|██████████| 6649/6649 [3:14:22<00:00,  1.75s/it, loss=0.4234]
Epoch 11:
Average loss: 0.4987
Test loss: 0.8921
Updating movie embeddings...
Deleted collection then creating collection...
Updating movie embeddings: 100%|██████████| 193/193 [02:39<00:00,  1.21it/s]
Evaluating model...
100%|██████████| 808/808 [32:08<00:00,  2.39s/it]Recall@1: 7.3864%
Recall@10: 33.4773%
Recall@50: 51.0682%
Recall@100: 60.2273%
Recall@300: 75.1364%
Recall@500: 82.3636%

Best recalls so far:
Recall@1: 6.7045%
Recall@10: 31.2955%
Recall@50: 48.5227%
Recall@100: 58.1136%
Recall@300: 73.8409%
Recall@500: 81.1591%

Epoch 12/15: 100%|██████████| 6649/6649 [3:13:45<00:00,  1.74s/it, loss=0.3912]
Epoch 12:
Average loss: 0.4521
Test loss: 0.8834
Updating movie embeddings...
Deleted collection then creating collection...
Updating movie embeddings: 100%|██████████| 193/193 [02:37<00:00,  1.23it/s]
Evaluating model...
100%|██████████| 808/808 [32:01<00:00,  2.38s/it]Recall@1: 7.1023%
Recall@10: 32.7727%
Recall@50: 50.1591%
Recall@100: 59.3182%
Recall@300: 74.2727%
Recall@500: 81.6364%

Best recalls so far:
Recall@1: 6.7045%
Recall@10: 31.2955%
Recall@50: 48.5227%
Recall@100: 58.1136%
Recall@300: 73.8409%
Recall@500: 81.1591%

Epoch 13/15: 100%|██████████| 6649/6649 [3:12:58<00:00,  1.74s/it, loss=0.3621]
Epoch 13:
Average loss: 0.4123
Test loss: 0.9012
Updating movie embeddings...
Deleted collection then creating collection...
Updating movie embeddings: 100%|██████████| 193/193 [02:36<00:00,  1.24it/s]
Evaluating model...
100%|██████████| 808/808 [31:54<00:00,  2.37s/it]Recall@1: 7.6136%
Recall@10: 34.0909%
Recall@50: 51.8864%
Recall@100: 61.1136%
Recall@300: 75.9091%
Recall@500: 83.0909%

Best recalls so far:
Recall@1: 7.1818%
Recall@10: 32.4318%
Recall@50: 49.9773%
Recall@100: 59.6591%
Recall@300: 74.7727%
Recall@500: 82.2045%

Epoch 14/15: 100%|██████████| 6649/6649 [3:12:15<00:00,  1.73s/it, loss=0.3387]
Epoch 14:
Average loss: 0.3789
Test loss: 0.9156
Updating movie embeddings...
Deleted collection then creating collection...
Updating movie embeddings: 100%|██████████| 193/193 [02:35<00:00,  1.24it/s]
Evaluating model...
100%|██████████| 808/808 [31:48<00:00,  2.36s/it]Recall@1: 7.4318%
Recall@10: 33.6364%
Recall@50: 51.0227%
Recall@100: 60.2955%
Recall@300: 75.1818%
Recall@500: 82.4545%

Best recalls so far:
Recall@1: 7.1818%
Recall@10: 32.4318%
Recall@50: 49.9773%
Recall@100: 59.6591%
Recall@300: 74.7727%
Recall@500: 82.2045%

Epoch 15/15: 100%|██████████| 6649/6649 [3:11:42<00:00,  1.73s/it, loss=0.3156]
Epoch 15:
Average loss: 0.3521
Test loss: 0.9321
Updating movie embeddings...
Deleted collection then creating collection...
Updating movie embeddings: 100%|██████████| 193/193 [02:34<00:00,  1.25it/s]
Evaluating model...
100%|██████████| 808/808 [31:42<00:00,  2.35s/it]Recall@1: 7.8409%
Recall@10: 34.6591%
Recall@50: 52.4545%
Recall@100: 61.8409%
Recall@300: 76.4773%
Recall@500: 83.6818%

Best recalls so far:
Recall@1: 7.5227%
Recall@10: 33.2727%
Recall@50: 50.8864%
Recall@100: 60.5455%
Recall@300: 75.6136%
Recall@500: 82.8636%